# JRE version: Java(TM) SE Runtime Environment (8.0_181-b13) (build 1.8.0_181-b13)
# Java VM: Java HotSpot(TM) 64-Bit Server VM (25.181-b13 mixed mode windows-amd64 compressed oops)
Heap:
 PSYoungGen      total 34816K, used 19177K [0x00000000d9a00000, 0x00000000dde00000, 0x0000000100000000)
  eden space 30208K, 48% used [0x00000000d9a00000,0x00000000da842668,0x00000000db780000)
  from space 4608K, 99% used [0x00000000db780000,0x00000000dbbf80b8,0x00000000dbc00000)
  to   space 4608K, 0% used [0x00000000dd980000,0x00000000dd980000,0x00000000dde00000)
 ParOldGen       total 79360K, used 4985K [0x000000008ce00000, 0x0000000091b80000, 0x00000000d9a00000)
  object space 79360K, 6% used [0x000000008ce00000,0x000000008d2de730,0x0000000091b80000)
 Metaspace       used 19421K, capacity 20096K, committed 20224K, reserved 1067008K
  class space    used 2581K, capacity 2761K, committed 2816K, reserved 1048576K
GC Heap History (6 events):
Event: 30.717 GC heap before
{Heap before GC invocations=1 (full 0):
 PSYoungGen      total 34816K, used 30208K [0x00000000d9a00000, 0x00000000dc080000, 0x0000000100000000)
  eden space 30208K, 100% used [0x00000000d9a00000,0x00000000db780000,0x00000000db780000)
  from space 4608K, 0% used [0x00000000dbc00000,0x00000000dbc00000,0x00000000dc080000)
  to   space 4608K, 0% used [0x00000000db780000,0x00000000db780000,0x00000000dbc00000)
 ParOldGen       total 79360K, used 0K [0x000000008ce00000, 0x0000000091b80000, 0x00000000d9a00000)
  object space 79360K, 0% used [0x000000008ce00000,0x000000008ce00000,0x0000000091b80000)
 Metaspace       used 10433K, capacity 10716K, committed 10880K, reserved 1058816K
  class space    used 1269K, capacity 1357K, committed 1408K, reserved 1048576K
Event: 30.732 GC heap after
Heap after GC invocations=1 (full 0):
 PSYoungGen      total 34816K, used 4582K [0x00000000d9a00000, 0x00000000dc080000, 0x0000000100000000)
  eden space 30208K, 0% used [0x00000000d9a00000,0x00000000d9a00000,0x00000000db780000)
  from space 4608K, 99% used [0x00000000db780000,0x00000000dbbf99a0,0x00000000dbc00000)
  to   space 4608K, 0% used [0x00000000dbc00000,0x00000000dbc00000,0x00000000dc080000)
 ParOldGen       total 79360K, used 758K [0x000000008ce00000, 0x0000000091b80000, 0x00000000d9a00000)
  object space 79360K, 0% used [0x000000008ce00000,0x000000008cebd8c0,0x0000000091b80000)
 Metaspace       used 10433K, capacity 10716K, committed 10880K, reserved 1058816K
  class space    used 1269K, capacity 1357K, committed 1408K, reserved 1048576K
}
Event: 31.510 GC heap before
{Heap before GC invocations=2 (full 0):
 PSYoungGen      total 34816K, used 34790K [0x00000000d9a00000, 0x00000000dc080000, 0x0000000100000000)
  eden space 30208K, 100% used [0x00000000d9a00000,0x00000000db780000,0x00000000db780000)
  from space 4608K, 99% used [0x00000000db780000,0x00000000dbbf99a0,0x00000000dbc00000)
  to   space 4608K, 0% used [0x00000000dbc00000,0x00000000dbc00000,0x00000000dc080000)
 ParOldGen       total 79360K, used 758K [0x000000008ce00000, 0x0000000091b80000, 0x00000000d9a00000)
  object space 79360K, 0% used [0x000000008ce00000,0x000000008cebd8c0,0x0000000091b80000)
 Metaspace       used 14512K, capacity 14948K, committed 15104K, reserved 1062912K
  class space    used 1860K, capacity 1985K, committed 2048K, reserved 1048576K
Event: 31.533 GC heap after
Heap after GC invocations=2 (full 0):
 PSYoungGen      total 34816K, used 4592K [0x00000000d9a00000, 0x00000000dde00000, 0x0000000100000000)
  eden space 30208K, 0% used [0x00000000d9a00000,0x00000000d9a00000,0x00000000db780000)
  from space 4608K, 99% used [0x00000000dbc00000,0x00000000dc07c3b0,0x00000000dc080000)
  to   space 4608K, 0% used [0x00000000db780000,0x00000000db780000,0x00000000dbc00000)
 ParOldGen       total 79360K, used 2524K [0x000000008ce00000, 0x0000000091b80000, 0x00000000d9a00000)
  object space 79360K, 3% used [0x000000008ce00000,0x000000008d0770b8,0x0000000091b80000)
 Metaspace       used 14512K, capacity 14948K, committed 15104K, reserved 1062912K
  class space    used 1860K, capacity 1985K, committed 2048K, reserved 1048576K
}
Event: 32.047 GC heap before
{Heap before GC invocations=3 (full 0):
 PSYoungGen      total 34816K, used 34800K [0x00000000d9a00000, 0x00000000dde00000, 0x0000000100000000)
  eden space 30208K, 100% used [0x00000000d9a00000,0x00000000db780000,0x00000000db780000)
  from space 4608K, 99% used [0x00000000dbc00000,0x00000000dc07c3b0,0x00000000dc080000)
  to   space 4608K, 0% used [0x00000000db780000,0x00000000db780000,0x00000000dbc00000)
 ParOldGen       total 79360K, used 2524K [0x000000008ce00000, 0x0000000091b80000, 0x00000000d9a00000)
  object space 79360K, 3% used [0x000000008ce00000,0x000000008d0770b8,0x0000000091b80000)
 Metaspace       used 17109K, capacity 17656K, committed 17920K, reserved 1064960K
  class space    used 2305K, capacity 2455K, committed 2560K, reserved 1048576K
Event: 32.064 GC heap after
Heap after GC invocations=3 (full 0):
 PSYoungGen      total 34816K, used 4576K [0x00000000d9a00000, 0x00000000dde00000, 0x0000000100000000)
  eden space 30208K, 0% used [0x00000000d9a00000,0x00000000d9a00000,0x00000000db780000)
  from space 4608K, 99% used [0x00000000db780000,0x00000000dbbf80b8,0x00000000dbc00000)
  to   space 4608K, 0% used [0x00000000dd980000,0x00000000dd980000,0x00000000dde00000)
 ParOldGen       total 79360K, used 4985K [0x000000008ce00000, 0x0000000091b80000, 0x00000000d9a00000)
  object space 79360K, 6% used [0x000000008ce00000,0x000000008d2de730,0x0000000091b80000)
 Metaspace       used 17109K, capacity 17656K, committed 17920K, reserved 1064960K
  class space    used 2305K, capacity 2455K, committed 2560K, reserved 1048576K
}

