# JRE version: Java(TM) SE Runtime Environment (8.0_181-b13) (build 1.8.0_181-b13)
# Java VM: Java HotSpot(TM) 64-Bit Server VM (25.181-b13 mixed mode windows-amd64 compressed oops)
Heap:
 PSYoungGen      total 34816K, used 14024K [0x00000000d9a00000, 0x00000000dc080000, 0x0000000100000000)
  eden space 30208K, 35% used [0x00000000d9a00000,0x00000000da492128,0x00000000db780000)
  from space 4608K, 69% used [0x00000000db780000,0x00000000dbaa0278,0x00000000dbc00000)
  to   space 4608K, 0% used [0x00000000dbc00000,0x00000000dbc00000,0x00000000dc080000)
 ParOldGen       total 41472K, used 4021K [0x000000008ce00000, 0x000000008f680000, 0x00000000d9a00000)
  object space 41472K, 9% used [0x000000008ce00000,0x000000008d1ed5a0,0x000000008f680000)
 Metaspace       used 16670K, capacity 17106K, committed 17408K, reserved 1064960K
  class space    used 2138K, capacity 2274K, committed 2304K, reserved 1048576K
GC Heap History (8 events):
Event: 97.162 GC heap before
{Heap before GC invocations=1 (full 0):
 PSYoungGen      total 34816K, used 30208K [0x00000000d9a00000, 0x00000000dc080000, 0x0000000100000000)
  eden space 30208K, 100% used [0x00000000d9a00000,0x00000000db780000,0x00000000db780000)
  from space 4608K, 0% used [0x00000000dbc00000,0x00000000dbc00000,0x00000000dc080000)
  to   space 4608K, 0% used [0x00000000db780000,0x00000000db780000,0x00000000dbc00000)
 ParOldGen       total 79360K, used 0K [0x000000008ce00000, 0x0000000091b80000, 0x00000000d9a00000)
  object space 79360K, 0% used [0x000000008ce00000,0x000000008ce00000,0x0000000091b80000)
 Metaspace       used 10427K, capacity 10716K, committed 10880K, reserved 1058816K
  class space    used 1269K, capacity 1357K, committed 1408K, reserved 1048576K
Event: 97.400 GC heap after
Heap after GC invocations=1 (full 0):
 PSYoungGen      total 34816K, used 4584K [0x00000000d9a00000, 0x00000000dc080000, 0x0000000100000000)
  eden space 30208K, 0% used [0x00000000d9a00000,0x00000000d9a00000,0x00000000db780000)
  from space 4608K, 99% used [0x00000000db780000,0x00000000dbbfa1a0,0x00000000dbc00000)
  to   space 4608K, 0% used [0x00000000dbc00000,0x00000000dbc00000,0x00000000dc080000)
 ParOldGen       total 79360K, used 775K [0x000000008ce00000, 0x0000000091b80000, 0x00000000d9a00000)
  object space 79360K, 0% used [0x000000008ce00000,0x000000008cec1d50,0x0000000091b80000)
 Metaspace       used 10427K, capacity 10716K, committed 10880K, reserved 1058816K
  class space    used 1269K, capacity 1357K, committed 1408K, reserved 1048576K
}
Event: 100.691 GC heap before
{Heap before GC invocations=2 (full 0):
 PSYoungGen      total 34816K, used 16990K [0x00000000d9a00000, 0x00000000dc080000, 0x0000000100000000)
  eden space 30208K, 41% used [0x00000000d9a00000,0x00000000da61d8c0,0x00000000db780000)
  from space 4608K, 99% used [0x00000000db780000,0x00000000dbbfa1a0,0x00000000dbc00000)
  to   space 4608K, 0% used [0x00000000dbc00000,0x00000000dbc00000,0x00000000dc080000)
 ParOldGen       total 79360K, used 775K [0x000000008ce00000, 0x0000000091b80000, 0x00000000d9a00000)
  object space 79360K, 0% used [0x000000008ce00000,0x000000008cec1d50,0x0000000091b80000)
 Metaspace       used 12235K, capacity 12532K, committed 12672K, reserved 1067008K
  class space    used 1484K, capacity 1597K, committed 1664K, reserved 1048576K
Event: 100.806 GC heap after
Heap after GC invocations=2 (full 0):
 PSYoungGen      total 34816K, used 4136K [0x00000000d9a00000, 0x00000000dc080000, 0x0000000100000000)
  eden space 30208K, 0% used [0x00000000d9a00000,0x00000000d9a00000,0x00000000db780000)
  from space 4608K, 89% used [0x00000000dbc00000,0x00000000dc00a230,0x00000000dc080000)
  to   space 4608K, 0% used [0x00000000db780000,0x00000000db780000,0x00000000dbc00000)
 ParOldGen       total 79360K, used 783K [0x000000008ce00000, 0x0000000091b80000, 0x00000000d9a00000)
  object space 79360K, 0% used [0x000000008ce00000,0x000000008cec3d50,0x0000000091b80000)
 Metaspace       used 12235K, capacity 12532K, committed 12672K, reserved 1067008K
  class space    used 1484K, capacity 1597K, committed 1664K, reserved 1048576K
}
Event: 100.807 GC heap before
{Heap before GC invocations=3 (full 1):
 PSYoungGen      total 34816K, used 4136K [0x00000000d9a00000, 0x00000000dc080000, 0x0000000100000000)
  eden space 30208K, 0% used [0x00000000d9a00000,0x00000000d9a00000,0x00000000db780000)
  from space 4608K, 89% used [0x00000000dbc00000,0x00000000dc00a230,0x00000000dc080000)
  to   space 4608K, 0% used [0x00000000db780000,0x00000000db780000,0x00000000dbc00000)
 ParOldGen       total 79360K, used 783K [0x000000008ce00000, 0x0000000091b80000, 0x00000000d9a00000)
  object space 79360K, 0% used [0x000000008ce00000,0x000000008cec3d50,0x0000000091b80000)
 Metaspace       used 12235K, capacity 12532K, committed 12672K, reserved 1067008K
  class space    used 1484K, capacity 1597K, committed 1664K, reserved 1048576K
Event: 101.236 GC heap after
Heap after GC invocations=3 (full 1):
 PSYoungGen      total 34816K, used 0K [0x00000000d9a00000, 0x00000000dc080000, 0x0000000100000000)
  eden space 30208K, 0% used [0x00000000d9a00000,0x00000000d9a00000,0x00000000db780000)
  from space 4608K, 0% used [0x00000000dbc00000,0x00000000dbc00000,0x00000000dc080000)
  to   space 4608K, 0% used [0x00000000db780000,0x00000000db780000,0x00000000dbc00000)
 ParOldGen       total 41472K, used 4013K [0x000000008ce00000, 0x000000008f680000, 0x00000000d9a00000)
  object space 41472K, 9% used [0x000000008ce00000,0x000000008d1eb5a0,0x000000008f680000)
 Metaspace       used 12235K, capacity 12532K, committed 12672K, reserved 1062912K
  class space    used 1484K, capacity 1597K, committed 1664K, reserved 1048576K
}
Event: 104.280 GC heap before
{Heap before GC invocations=4 (full 1):
 PSYoungGen      total 34816K, used 30208K [0x00000000d9a00000, 0x00000000dc080000, 0x0000000100000000)
  eden space 30208K, 100% used [0x00000000d9a00000,0x00000000db780000,0x00000000db780000)
  from space 4608K, 0% used [0x00000000dbc00000,0x00000000dbc00000,0x00000000dc080000)
  to   space 4608K, 0% used [0x00000000db780000,0x00000000db780000,0x00000000dbc00000)
 ParOldGen       total 41472K, used 4013K [0x000000008ce00000, 0x000000008f680000, 0x00000000d9a00000)
  object space 41472K, 9% used [0x000000008ce00000,0x000000008d1eb5a0,0x000000008f680000)
 Metaspace       used 15046K, capacity 15424K, committed 15744K, reserved 1064960K
  class space    used 1956K, capacity 2091K, committed 2176K, reserved 1048576K
Event: 104.367 GC heap after
Heap after GC invocations=4 (full 1):
 PSYoungGen      total 34816K, used 3200K [0x00000000d9a00000, 0x00000000dc080000, 0x0000000100000000)
  eden space 30208K, 0% used [0x00000000d9a00000,0x00000000d9a00000,0x00000000db780000)
  from space 4608K, 69% used [0x00000000db780000,0x00000000dbaa0278,0x00000000dbc00000)
  to   space 4608K, 0% used [0x00000000dbc00000,0x00000000dbc00000,0x00000000dc080000)
 ParOldGen       total 41472K, used 4021K [0x000000008ce00000, 0x000000008f680000, 0x00000000d9a00000)
  object space 41472K, 9% used [0x000000008ce00000,0x000000008d1ed5a0,0x000000008f680000)
 Metaspace       used 15046K, capacity 15424K, committed 15744K, reserved 1064960K
  class space    used 1956K, capacity 2091K, committed 2176K, reserved 1048576K
}

