# JRE version: Java(TM) SE Runtime Environment (8.0_181-b13) (build 1.8.0_181-b13)
# Java VM: Java HotSpot(TM) 64-Bit Server VM (25.181-b13 mixed mode windows-amd64 compressed oops)
Heap:
 PSYoungGen      total 94208K, used 20992K [0x00000000d9a00000, 0x00000000dff00000, 0x0000000100000000)
  eden space 84992K, 15% used [0x00000000d9a00000,0x00000000da712838,0x00000000ded00000)
  from space 9216K, 82% used [0x00000000ded00000,0x00000000df46db40,0x00000000df600000)
  to   space 8704K, 0% used [0x00000000df680000,0x00000000df680000,0x00000000dff00000)
 ParOldGen       total 59392K, used 15724K [0x000000008ce00000, 0x0000000090800000, 0x00000000d9a00000)
  object space 59392K, 26% used [0x000000008ce00000,0x000000008dd5b390,0x0000000090800000)
 Metaspace       used 39648K, capacity 41479K, committed 41728K, reserved 1085440K
  class space    used 5189K, capacity 5544K, committed 5632K, reserved 1048576K
GC Heap History (10 events):
Event: 74.907 GC heap before
{Heap before GC invocations=9 (full 1):
 PSYoungGen      total 38912K, used 34414K [0x00000000d9a00000, 0x00000000de200000, 0x0000000100000000)
  eden space 29184K, 100% used [0x00000000d9a00000,0x00000000db680000,0x00000000db680000)
  from space 9728K, 53% used [0x00000000db680000,0x00000000dbb9b988,0x00000000dc000000)
  to   space 9216K, 0% used [0x00000000dd900000,0x00000000dd900000,0x00000000de200000)
 ParOldGen       total 41984K, used 7310K [0x000000008ce00000, 0x000000008f700000, 0x00000000d9a00000)
  object space 41984K, 17% used [0x000000008ce00000,0x000000008d523a68,0x000000008f700000)
 Metaspace       used 27048K, capacity 28240K, committed 28288K, reserved 1073152K
  class space    used 3682K, capacity 3940K, committed 3968K, reserved 1048576K
Event: 74.924 GC heap after
Heap after GC invocations=9 (full 1):
 PSYoungGen      total 64512K, used 6182K [0x00000000d9a00000, 0x00000000de200000, 0x0000000100000000)
  eden space 55296K, 0% used [0x00000000d9a00000,0x00000000d9a00000,0x00000000dd000000)
  from space 9216K, 67% used [0x00000000dd900000,0x00000000ddf09a28,0x00000000de200000)
  to   space 9216K, 0% used [0x00000000dd000000,0x00000000dd000000,0x00000000dd900000)
 ParOldGen       total 41984K, used 7318K [0x000000008ce00000, 0x000000008f700000, 0x00000000d9a00000)
  object space 41984K, 17% used [0x000000008ce00000,0x000000008d525a68,0x000000008f700000)
 Metaspace       used 27048K, capacity 28240K, committed 28288K, reserved 1073152K
  class space    used 3682K, capacity 3940K, committed 3968K, reserved 1048576K
}
Event: 76.093 GC heap before
{Heap before GC invocations=10 (full 1):
 PSYoungGen      total 64512K, used 61478K [0x00000000d9a00000, 0x00000000de200000, 0x0000000100000000)
  eden space 55296K, 100% used [0x00000000d9a00000,0x00000000dd000000,0x00000000dd000000)
  from space 9216K, 67% used [0x00000000dd900000,0x00000000ddf09a28,0x00000000de200000)
  to   space 9216K, 0% used [0x00000000dd000000,0x00000000dd000000,0x00000000dd900000)
 ParOldGen       total 41984K, used 7318K [0x000000008ce00000, 0x000000008f700000, 0x00000000d9a00000)
  object space 41984K, 17% used [0x000000008ce00000,0x000000008d525a68,0x000000008f700000)
 Metaspace       used 32320K, capacity 33658K, committed 33920K, reserved 1079296K
  class space    used 4306K, capacity 4611K, committed 4736K, reserved 1048576K
Event: 76.114 GC heap after
Heap after GC invocations=10 (full 1):
 PSYoungGen      total 64512K, used 7595K [0x00000000d9a00000, 0x00000000dff80000, 0x0000000100000000)
  eden space 55296K, 0% used [0x00000000d9a00000,0x00000000d9a00000,0x00000000dd000000)
  from space 9216K, 82% used [0x00000000dd000000,0x00000000dd76af28,0x00000000dd900000)
  to   space 9216K, 0% used [0x00000000df680000,0x00000000df680000,0x00000000dff80000)
 ParOldGen       total 41984K, used 9324K [0x000000008ce00000, 0x000000008f700000, 0x00000000d9a00000)
  object space 41984K, 22% used [0x000000008ce00000,0x000000008d71b1a0,0x000000008f700000)
 Metaspace       used 32320K, capacity 33658K, committed 33920K, reserved 1079296K
  class space    used 4306K, capacity 4611K, committed 4736K, reserved 1048576K
}
Event: 82.550 GC heap before
{Heap before GC invocations=11 (full 1):
 PSYoungGen      total 64512K, used 62891K [0x00000000d9a00000, 0x00000000dff80000, 0x0000000100000000)
  eden space 55296K, 100% used [0x00000000d9a00000,0x00000000dd000000,0x00000000dd000000)
  from space 9216K, 82% used [0x00000000dd000000,0x00000000dd76af28,0x00000000dd900000)
  to   space 9216K, 0% used [0x00000000df680000,0x00000000df680000,0x00000000dff80000)
 ParOldGen       total 41984K, used 9324K [0x000000008ce00000, 0x000000008f700000, 0x00000000d9a00000)
  object space 41984K, 22% used [0x000000008ce00000,0x000000008d71b1a0,0x000000008f700000)
 Metaspace       used 34168K, capacity 35445K, committed 35496K, reserved 1079296K
  class space    used 4528K, capacity 4813K, committed 4864K, reserved 1048576K
Event: 82.591 GC heap after
Heap after GC invocations=11 (full 1):
 PSYoungGen      total 93696K, used 6130K [0x00000000d9a00000, 0x00000000dff00000, 0x0000000100000000)
  eden space 84992K, 0% used [0x00000000d9a00000,0x00000000d9a00000,0x00000000ded00000)
  from space 8704K, 70% used [0x00000000df680000,0x00000000dfc7cad0,0x00000000dff00000)
  to   space 9216K, 0% used [0x00000000ded00000,0x00000000ded00000,0x00000000df600000)
 ParOldGen       total 41984K, used 12328K [0x000000008ce00000, 0x000000008f700000, 0x00000000d9a00000)
  object space 41984K, 29% used [0x000000008ce00000,0x000000008da0a210,0x000000008f700000)
 Metaspace       used 34168K, capacity 35445K, committed 35496K, reserved 1079296K
  class space    used 4528K, capacity 4813K, committed 4864K, reserved 1048576K
}
Event: 82.591 GC heap before
{Heap before GC invocations=12 (full 2):
 PSYoungGen      total 93696K, used 6130K [0x00000000d9a00000, 0x00000000dff00000, 0x0000000100000000)
  eden space 84992K, 0% used [0x00000000d9a00000,0x00000000d9a00000,0x00000000ded00000)
  from space 8704K, 70% used [0x00000000df680000,0x00000000dfc7cad0,0x00000000dff00000)
  to   space 9216K, 0% used [0x00000000ded00000,0x00000000ded00000,0x00000000df600000)
 ParOldGen       total 41984K, used 12328K [0x000000008ce00000, 0x000000008f700000, 0x00000000d9a00000)
  object space 41984K, 29% used [0x000000008ce00000,0x000000008da0a210,0x000000008f700000)
 Metaspace       used 34168K, capacity 35445K, committed 35496K, reserved 1079296K
  class space    used 4528K, capacity 4813K, committed 4864K, reserved 1048576K
Event: 82.739 GC heap after
Heap after GC invocations=12 (full 2):
 PSYoungGen      total 93696K, used 0K [0x00000000d9a00000, 0x00000000dff00000, 0x0000000100000000)
  eden space 84992K, 0% used [0x00000000d9a00000,0x00000000d9a00000,0x00000000ded00000)
  from space 8704K, 0% used [0x00000000df680000,0x00000000df680000,0x00000000dff00000)
  to   space 9216K, 0% used [0x00000000ded00000,0x00000000ded00000,0x00000000df600000)
 ParOldGen       total 59392K, used 15716K [0x000000008ce00000, 0x0000000090800000, 0x00000000d9a00000)
  object space 59392K, 26% used [0x000000008ce00000,0x000000008dd59390,0x0000000090800000)
 Metaspace       used 34168K, capacity 35445K, committed 35496K, reserved 1079296K
  class space    used 4528K, capacity 4813K, committed 4864K, reserved 1048576K
}
Event: 108.553 GC heap before
{Heap before GC invocations=13 (full 2):
 PSYoungGen      total 93696K, used 84992K [0x00000000d9a00000, 0x00000000dff00000, 0x0000000100000000)
  eden space 84992K, 100% used [0x00000000d9a00000,0x00000000ded00000,0x00000000ded00000)
  from space 8704K, 0% used [0x00000000df680000,0x00000000df680000,0x00000000dff00000)
  to   space 9216K, 0% used [0x00000000ded00000,0x00000000ded00000,0x00000000df600000)
 ParOldGen       total 59392K, used 15716K [0x000000008ce00000, 0x0000000090800000, 0x00000000d9a00000)
  object space 59392K, 26% used [0x000000008ce00000,0x000000008dd59390,0x0000000090800000)
 Metaspace       used 39413K, capacity 41257K, committed 41472K, reserved 1085440K
  class space    used 5177K, capacity 5539K, committed 5632K, reserved 1048576K
Event: 108.572 GC heap after
Heap after GC invocations=13 (full 2):
 PSYoungGen      total 94208K, used 7606K [0x00000000d9a00000, 0x00000000dff00000, 0x0000000100000000)
  eden space 84992K, 0% used [0x00000000d9a00000,0x00000000d9a00000,0x00000000ded00000)
  from space 9216K, 82% used [0x00000000ded00000,0x00000000df46db40,0x00000000df600000)
  to   space 8704K, 0% used [0x00000000df680000,0x00000000df680000,0x00000000dff00000)
 ParOldGen       total 59392K, used 15724K [0x000000008ce00000, 0x0000000090800000, 0x00000000d9a00000)
  object space 59392K, 26% used [0x000000008ce00000,0x000000008dd5b390,0x0000000090800000)
 Metaspace       used 39413K, capacity 41257K, committed 41472K, reserved 1085440K
  class space    used 5177K, capacity 5539K, committed 5632K, reserved 1048576K
}

