# JRE version: Java(TM) SE Runtime Environment (8.0_181-b13) (build 1.8.0_181-b13)
# Java VM: Java HotSpot(TM) 64-Bit Server VM (25.181-b13 mixed mode windows-amd64 compressed oops)
Heap:
 PSYoungGen      total 34816K, used 33523K [0x00000000d9a00000, 0x00000000dc080000, 0x0000000100000000)
  eden space 30208K, 95% used [0x00000000d9a00000,0x00000000db643858,0x00000000db780000)
  from space 4608K, 99% used [0x00000000dbc00000,0x00000000dc0796e0,0x00000000dc080000)
  to   space 4608K, 0% used [0x00000000db780000,0x00000000db780000,0x00000000dbc00000)
 ParOldGen       total 79360K, used 1929K [0x000000008ce00000, 0x0000000091b80000, 0x00000000d9a00000)
  object space 79360K, 2% used [0x000000008ce00000,0x000000008cfe2750,0x0000000091b80000)
 Metaspace       used 17647K, capacity 18148K, committed 18432K, reserved 1064960K
  class space    used 2280K, capacity 2443K, committed 2560K, reserved 1048576K
GC Heap History (4 events):
Event: 42.375 GC heap before
{Heap before GC invocations=1 (full 0):
 PSYoungGen      total 34816K, used 30208K [0x00000000d9a00000, 0x00000000dc080000, 0x0000000100000000)
  eden space 30208K, 100% used [0x00000000d9a00000,0x00000000db780000,0x00000000db780000)
  from space 4608K, 0% used [0x00000000dbc00000,0x00000000dbc00000,0x00000000dc080000)
  to   space 4608K, 0% used [0x00000000db780000,0x00000000db780000,0x00000000dbc00000)
 ParOldGen       total 79360K, used 0K [0x000000008ce00000, 0x0000000091b80000, 0x00000000d9a00000)
  object space 79360K, 0% used [0x000000008ce00000,0x000000008ce00000,0x0000000091b80000)
 Metaspace       used 10431K, capacity 10716K, committed 10880K, reserved 1058816K
  class space    used 1269K, capacity 1357K, committed 1408K, reserved 1048576K
Event: 42.391 GC heap after
Heap after GC invocations=1 (full 0):
 PSYoungGen      total 34816K, used 4581K [0x00000000d9a00000, 0x00000000dc080000, 0x0000000100000000)
  eden space 30208K, 0% used [0x00000000d9a00000,0x00000000d9a00000,0x00000000db780000)
  from space 4608K, 99% used [0x00000000db780000,0x00000000dbbf9710,0x00000000dbc00000)
  to   space 4608K, 0% used [0x00000000dbc00000,0x00000000dbc00000,0x00000000dc080000)
 ParOldGen       total 79360K, used 743K [0x000000008ce00000, 0x0000000091b80000, 0x00000000d9a00000)
  object space 79360K, 0% used [0x000000008ce00000,0x000000008ceb9e30,0x0000000091b80000)
 Metaspace       used 10431K, capacity 10716K, committed 10880K, reserved 1058816K
  class space    used 1269K, capacity 1357K, committed 1408K, reserved 1048576K
}
Event: 43.525 GC heap before
{Heap before GC invocations=2 (full 0):
 PSYoungGen      total 34816K, used 34789K [0x00000000d9a00000, 0x00000000dc080000, 0x0000000100000000)
  eden space 30208K, 100% used [0x00000000d9a00000,0x00000000db780000,0x00000000db780000)
  from space 4608K, 99% used [0x00000000db780000,0x00000000dbbf9710,0x00000000dbc00000)
  to   space 4608K, 0% used [0x00000000dbc00000,0x00000000dbc00000,0x00000000dc080000)
 ParOldGen       total 79360K, used 743K [0x000000008ce00000, 0x0000000091b80000, 0x00000000d9a00000)
  object space 79360K, 0% used [0x000000008ce00000,0x000000008ceb9e30,0x0000000091b80000)
 Metaspace       used 13787K, capacity 14160K, committed 14208K, reserved 1060864K
  class space    used 1776K, capacity 1905K, committed 1920K, reserved 1048576K
Event: 43.542 GC heap after
Heap after GC invocations=2 (full 0):
 PSYoungGen      total 34816K, used 4581K [0x00000000d9a00000, 0x00000000dc080000, 0x0000000100000000)
  eden space 30208K, 0% used [0x00000000d9a00000,0x00000000d9a00000,0x00000000db780000)
  from space 4608K, 99% used [0x00000000dbc00000,0x00000000dc0796e0,0x00000000dc080000)
  to   space 4608K, 0% used [0x00000000db780000,0x00000000db780000,0x00000000dbc00000)
 ParOldGen       total 79360K, used 1929K [0x000000008ce00000, 0x0000000091b80000, 0x00000000d9a00000)
  object space 79360K, 2% used [0x000000008ce00000,0x000000008cfe2750,0x0000000091b80000)
 Metaspace       used 13787K, capacity 14160K, committed 14208K, reserved 1060864K
  class space    used 1776K, capacity 1905K, committed 1920K, reserved 1048576K
}

