# JRE version: Java(TM) SE Runtime Environment (8.0_181-b13) (build 1.8.0_181-b13)
# Java VM: Java HotSpot(TM) 64-Bit Server VM (25.181-b13 mixed mode windows-amd64 compressed oops)
Heap:
 PSYoungGen      total 71168K, used 47212K [0x00000000d9a00000, 0x00000000de980000, 0x0000000100000000)
  eden space 61952K, 76% used [0x00000000d9a00000,0x00000000dc81b0b0,0x00000000dd680000)
  from space 9216K, 0% used [0x00000000de080000,0x00000000de080000,0x00000000de980000)
  to   space 9728K, 0% used [0x00000000dd680000,0x00000000dd680000,0x00000000de000000)
 ParOldGen       total 57856K, used 15083K [0x000000008ce00000, 0x0000000090680000, 0x00000000d9a00000)
  object space 57856K, 26% used [0x000000008ce00000,0x000000008dcbadb8,0x0000000090680000)
 Metaspace       used 37778K, capacity 39550K, committed 39680K, reserved 1083392K
  class space    used 4994K, capacity 5331K, committed 5376K, reserved 1048576K
GC Heap History (10 events):
Event: 66.409 GC heap before
{Heap before GC invocations=10 (full 1):
 PSYoungGen      total 35840K, used 34358K [0x00000000d9a00000, 0x00000000dc680000, 0x0000000100000000)
  eden space 28160K, 100% used [0x00000000d9a00000,0x00000000db580000,0x00000000db580000)
  from space 7680K, 80% used [0x00000000dbf00000,0x00000000dc50da38,0x00000000dc680000)
  to   space 8704K, 0% used [0x00000000db580000,0x00000000db580000,0x00000000dbe00000)
 ParOldGen       total 41984K, used 7304K [0x000000008ce00000, 0x000000008f700000, 0x00000000d9a00000)
  object space 41984K, 17% used [0x000000008ce00000,0x000000008d522108,0x000000008f700000)
 Metaspace       used 32258K, capacity 33534K, committed 33792K, reserved 1079296K
  class space    used 4285K, capacity 4571K, committed 4608K, reserved 1048576K
Event: 66.424 GC heap after
Heap after GC invocations=10 (full 1):
 PSYoungGen      total 36864K, used 7306K [0x00000000d9a00000, 0x00000000dd480000, 0x0000000100000000)
  eden space 28160K, 0% used [0x00000000d9a00000,0x00000000d9a00000,0x00000000db580000)
  from space 8704K, 83% used [0x00000000db580000,0x00000000dbca2920,0x00000000dbe00000)
  to   space 9216K, 0% used [0x00000000dcb80000,0x00000000dcb80000,0x00000000dd480000)
 ParOldGen       total 41984K, used 9306K [0x000000008ce00000, 0x000000008f700000, 0x00000000d9a00000)
  object space 41984K, 22% used [0x000000008ce00000,0x000000008d716a00,0x000000008f700000)
 Metaspace       used 32258K, capacity 33534K, committed 33792K, reserved 1079296K
  class space    used 4285K, capacity 4571K, committed 4608K, reserved 1048576K
}
Event: 66.918 GC heap before
{Heap before GC invocations=11 (full 1):
 PSYoungGen      total 36864K, used 35466K [0x00000000d9a00000, 0x00000000dd480000, 0x0000000100000000)
  eden space 28160K, 100% used [0x00000000d9a00000,0x00000000db580000,0x00000000db580000)
  from space 8704K, 83% used [0x00000000db580000,0x00000000dbca2920,0x00000000dbe00000)
  to   space 9216K, 0% used [0x00000000dcb80000,0x00000000dcb80000,0x00000000dd480000)
 ParOldGen       total 41984K, used 9306K [0x000000008ce00000, 0x000000008f700000, 0x00000000d9a00000)
  object space 41984K, 22% used [0x000000008ce00000,0x000000008d716a00,0x000000008f700000)
 Metaspace       used 32347K, capacity 33666K, committed 33920K, reserved 1079296K
  class space    used 4296K, capacity 4611K, committed 4736K, reserved 1048576K
Event: 66.940 GC heap after
Heap after GC invocations=11 (full 1):
 PSYoungGen      total 50176K, used 2834K [0x00000000d9a00000, 0x00000000dd700000, 0x0000000100000000)
  eden space 40960K, 0% used [0x00000000d9a00000,0x00000000d9a00000,0x00000000dc200000)
  from space 9216K, 30% used [0x00000000dcb80000,0x00000000dce448f8,0x00000000dd480000)
  to   space 9728K, 0% used [0x00000000dc200000,0x00000000dc200000,0x00000000dcb80000)
 ParOldGen       total 41984K, used 12334K [0x000000008ce00000, 0x000000008f700000, 0x00000000d9a00000)
  object space 41984K, 29% used [0x000000008ce00000,0x000000008da0ba50,0x000000008f700000)
 Metaspace       used 32347K, capacity 33666K, committed 33920K, reserved 1079296K
  class space    used 4296K, capacity 4611K, committed 4736K, reserved 1048576K
}
Event: 67.811 GC heap before
{Heap before GC invocations=12 (full 1):
 PSYoungGen      total 50176K, used 43794K [0x00000000d9a00000, 0x00000000dd700000, 0x0000000100000000)
  eden space 40960K, 100% used [0x00000000d9a00000,0x00000000dc200000,0x00000000dc200000)
  from space 9216K, 30% used [0x00000000dcb80000,0x00000000dce448f8,0x00000000dd480000)
  to   space 9728K, 0% used [0x00000000dc200000,0x00000000dc200000,0x00000000dcb80000)
 ParOldGen       total 41984K, used 12334K [0x000000008ce00000, 0x000000008f700000, 0x00000000d9a00000)
  object space 41984K, 29% used [0x000000008ce00000,0x000000008da0ba50,0x000000008f700000)
 Metaspace       used 33571K, capacity 34888K, committed 35072K, reserved 1079296K
  class space    used 4443K, capacity 4740K, committed 4864K, reserved 1048576K
Event: 67.820 GC heap after
Heap after GC invocations=12 (full 1):
 PSYoungGen      total 50688K, used 1535K [0x00000000d9a00000, 0x00000000dea00000, 0x0000000100000000)
  eden space 40960K, 0% used [0x00000000d9a00000,0x00000000d9a00000,0x00000000dc200000)
  from space 9728K, 15% used [0x00000000dc200000,0x00000000dc37ffa8,0x00000000dcb80000)
  to   space 9728K, 0% used [0x00000000de080000,0x00000000de080000,0x00000000dea00000)
 ParOldGen       total 41984K, used 14985K [0x000000008ce00000, 0x000000008f700000, 0x00000000d9a00000)
  object space 41984K, 35% used [0x000000008ce00000,0x000000008dca26f0,0x000000008f700000)
 Metaspace       used 33571K, capacity 34888K, committed 35072K, reserved 1079296K
  class space    used 4443K, capacity 4740K, committed 4864K, reserved 1048576K
}
Event: 70.165 GC heap before
{Heap before GC invocations=13 (full 1):
 PSYoungGen      total 50688K, used 11995K [0x00000000d9a00000, 0x00000000dea00000, 0x0000000100000000)
  eden space 40960K, 25% used [0x00000000d9a00000,0x00000000da436dc0,0x00000000dc200000)
  from space 9728K, 15% used [0x00000000dc200000,0x00000000dc37ffa8,0x00000000dcb80000)
  to   space 9728K, 0% used [0x00000000de080000,0x00000000de080000,0x00000000dea00000)
 ParOldGen       total 41984K, used 14985K [0x000000008ce00000, 0x000000008f700000, 0x00000000d9a00000)
  object space 41984K, 35% used [0x000000008ce00000,0x000000008dca26f0,0x000000008f700000)
 Metaspace       used 34012K, capacity 35352K, committed 35496K, reserved 1079296K
  class space    used 4494K, capacity 4780K, committed 4864K, reserved 1048576K
Event: 70.179 GC heap after
Heap after GC invocations=13 (full 1):
 PSYoungGen      total 71168K, used 1983K [0x00000000d9a00000, 0x00000000de980000, 0x0000000100000000)
  eden space 61952K, 0% used [0x00000000d9a00000,0x00000000d9a00000,0x00000000dd680000)
  from space 9216K, 21% used [0x00000000de080000,0x00000000de26fc50,0x00000000de980000)
  to   space 9728K, 0% used [0x00000000dd680000,0x00000000dd680000,0x00000000de000000)
 ParOldGen       total 41984K, used 15873K [0x000000008ce00000, 0x000000008f700000, 0x00000000d9a00000)
  object space 41984K, 37% used [0x000000008ce00000,0x000000008dd806f0,0x000000008f700000)
 Metaspace       used 34012K, capacity 35352K, committed 35496K, reserved 1079296K
  class space    used 4494K, capacity 4780K, committed 4864K, reserved 1048576K
}
Event: 70.179 GC heap before
{Heap before GC invocations=14 (full 2):
 PSYoungGen      total 71168K, used 1983K [0x00000000d9a00000, 0x00000000de980000, 0x0000000100000000)
  eden space 61952K, 0% used [0x00000000d9a00000,0x00000000d9a00000,0x00000000dd680000)
  from space 9216K, 21% used [0x00000000de080000,0x00000000de26fc50,0x00000000de980000)
  to   space 9728K, 0% used [0x00000000dd680000,0x00000000dd680000,0x00000000de000000)
 ParOldGen       total 41984K, used 15873K [0x000000008ce00000, 0x000000008f700000, 0x00000000d9a00000)
  object space 41984K, 37% used [0x000000008ce00000,0x000000008dd806f0,0x000000008f700000)
 Metaspace       used 34012K, capacity 35352K, committed 35496K, reserved 1079296K
  class space    used 4494K, capacity 4780K, committed 4864K, reserved 1048576K
Event: 70.355 GC heap after
Heap after GC invocations=14 (full 2):
 PSYoungGen      total 71168K, used 0K [0x00000000d9a00000, 0x00000000de980000, 0x0000000100000000)
  eden space 61952K, 0% used [0x00000000d9a00000,0x00000000d9a00000,0x00000000dd680000)
  from space 9216K, 0% used [0x00000000de080000,0x00000000de080000,0x00000000de980000)
  to   space 9728K, 0% used [0x00000000dd680000,0x00000000dd680000,0x00000000de000000)
 ParOldGen       total 57856K, used 15083K [0x000000008ce00000, 0x0000000090680000, 0x00000000d9a00000)
  object space 57856K, 26% used [0x000000008ce00000,0x000000008dcbadb8,0x0000000090680000)
 Metaspace       used 34012K, capacity 35352K, committed 35496K, reserved 1079296K
  class space    used 4494K, capacity 4780K, committed 4864K, reserved 1048576K
}

